1712159259792:q
1712159263212:quit
1712516728124:import-dateiaufbau
1712516776899:stacktrace
1712518656340:import-dateiaufbau
1712518827154:mpr-atafa
1712518865887:import-dateiaufbau
1712568465341:import-BLS
1712568513655:import-bls
1712568533083:stacktrace
1712575328386:import-bls
1712575355167:stacktrace
1712575451977:import-bls
1712575490318:stacktrace
1712575708393:import-bls
1712575757614:stacktrace
1712575850504:import-bls
1712716769967:bls-untergruppe B1
1712717511798:hauptgruppen
1712717522490:untergruppen
1712717540187:untergruppen-hauptgruppe B
1712842220661:import-dateiaufbau
1712842230703:import-bls
1713099828592:test
1713099923258:ts
1713099968709:test
1713100820710:find-max-values-by-group
1713100845740:stacktrace
1713101223984:find-max-values-by-group
1713264798578:find-avg-values-by-group
1713266864268:find-max-values-by-untergruppe B1
1713266874143:find-max-values-by-untergruppe B2
